[debug] [2022-02-04T13:32:02.805Z] ----------------------------------------------------------------------
[debug] [2022-02-04T13:32:02.807Z] Command:       C:\Program Files\nodejs\node.exe C:\Users\Korisnik\AppData\Roaming\npm\node_modules\firebase-tools\lib\bin\firebase.js init
[debug] [2022-02-04T13:32:02.807Z] CLI Version:   10.1.2
[debug] [2022-02-04T13:32:02.807Z] Platform:      win32
[debug] [2022-02-04T13:32:02.807Z] Node Version:  v16.13.1
[debug] [2022-02-04T13:32:02.808Z] Time:          Fri Feb 04 2022 14:32:02 GMT+0100 (srednjoeuropsko standardno vrijeme)
[debug] [2022-02-04T13:32:02.808Z] ----------------------------------------------------------------------
[debug] 
[debug] [2022-02-04T13:32:02.815Z] > command requires scopes: ["email","openid","https://www.googleapis.com/auth/cloudplatformprojects.readonly","https://www.googleapis.com/auth/firebase","https://www.googleapis.com/auth/cloud-platform"]
[debug] [2022-02-04T13:32:02.815Z] > authorizing via signed-in user (ivanmilovac54321@gmail.com)
[info] 
     ######## #### ########  ######## ########     ###     ######  ########
     ##        ##  ##     ## ##       ##     ##  ##   ##  ##       ##
     ######    ##  ########  ######   ########  #########  ######  ######
     ##        ##  ##    ##  ##       ##     ## ##     ##       ## ##
     ##       #### ##     ## ######## ########  ##     ##  ######  ########

You're about to initialize a Firebase project in this directory:

  C:\Users\Korisnik\Documents\React\TYPESCRIPT\react-typescript-crm

[info] 
=== Project Setup
[info] 
[info] First, let's associate this project directory with a Firebase project.
[info] You can create multiple project aliases by running firebase use --add, 
[info] but for now we'll just set up a default project.
[info] 
[debug] [2022-02-04T13:32:31.646Z] > refreshing access token with scopes: []
[debug] [2022-02-04T13:32:31.647Z] >>> HTTP REQUEST POST https://www.googleapis.com/oauth2/v3/token  
 <request body omitted>
[debug] [2022-02-04T13:32:31.923Z] <<< HTTP RESPONSE 200 {"pragma":"no-cache","cache-control":"no-cache, no-store, max-age=0, must-revalidate","date":"Fri, 04 Feb 2022 13:32:31 GMT","expires":"Mon, 01 Jan 1990 00:00:00 GMT","content-type":"application/json; charset=utf-8","vary":"X-Origin, Referer, Origin,Accept-Encoding","server":"scaffolding on HTTPServer2","x-xss-protection":"0","x-frame-options":"SAMEORIGIN","x-content-type-options":"nosniff","alt-svc":"h3=\":443\"; ma=2592000,h3-29=\":443\"; ma=2592000,h3-Q050=\":443\"; ma=2592000,h3-Q046=\":443\"; ma=2592000,h3-Q043=\":443\"; ma=2592000,quic=\":443\"; ma=2592000; v=\"46,43\"","accept-ranges":"none","transfer-encoding":"chunked"}
[debug] [2022-02-04T13:32:31.945Z] >>> [apiv2][query] GET https://firebase.googleapis.com/v1beta1/projects pageSize=100
[debug] [2022-02-04T13:32:32.525Z] <<< [apiv2][status] GET https://firebase.googleapis.com/v1beta1/projects 200
[debug] [2022-02-04T13:32:32.525Z] <<< [apiv2][body] GET https://firebase.googleapis.com/v1beta1/projects [omitted]
[info] i  Using project crm-project-im (crm-project-im) 
[info] 
=== Hosting Setup
[info] 
[info] Your public directory is the folder (relative to your project directory) that
[info] will contain Hosting assets to be uploaded with firebase deploy. If you
[info] have a build process for your assets, use your build's output directory.
[info] 
